This is pdfTeX, Version 3.141592653-2.6-1.40.24 (TeX Live 2022) (preloaded format=pdflatex 2022.5.22)  27 DEC 2022 15:53
entering extended mode
 restricted \write18 enabled.
 file:line:error style messages enabled.
 %&-line parsing enabled.
**"c:/Users/legoh/OneDrive - Florida Institute of Technology/School/2023 Spring/OCE2901/Lecture Notes/docs/chapters/syllabus.tex"
(c:/Users/legoh/OneDrive - Florida Institute of Technology/School/2023 Spring/OCE2901/Lecture Notes/docs/chapters/syllabus.tex
LaTeX2e <2021-11-15> patch level 1
L3 programming layer <2022-05-04>

! LaTeX Error: File `kaobook.cls' not found.

Type X to quit or <RETURN> to proceed,
or enter new name. (Default extension: cls)

Enter file name: 
c:/Users/legoh/OneDrive - Florida Institute of Technology/School/2023 Spring/OCE2901/Lecture Notes/docs/chapters/syllabus.tex:17: Emergency stop.
<read *> 
         
l.17 ^^M
        
*** (cannot \read from terminal in nonstop modes)

 
Here is how much of TeX's memory you used:
 25 strings out of 478300
 839 string characters out of 5849117
 289973 words of memory out of 5000000
 18298 multiletter control sequences out of 15000+600000
 469259 words of font info for 28 fonts, out of 8000000 for 9000
 1141 hyphenation exceptions out of 8191
 19i,0n,29p,329b,17s stack positions out of 10000i,1000n,20000p,200000b,200000s
c:/Users/legoh/OneDrive - Florida Institute of Technology/School/2023 Spring/OCE2901/Lecture Notes/docs/chapters/syllabus.tex:17:  ==> Fatal error occurred, no output PDF file produced!
